#
# There is insufficient memory for the Java Runtime Environment to continue.
# Native memory allocation (malloc) failed to allocate 45616 bytes. Error detail: Chunk::new
# Possible reasons:
#   The system is out of physical RAM or swap space
#   This process is running with CompressedOops enabled, and the Java Heap may be blocking the growth of the native heap
# Possible solutions:
#   Reduce memory load on the system
#   Increase physical memory or swap space
#   Check if swap backing store is full
#   Decrease Java heap size (-Xmx/-Xms)
#   Decrease number of Java threads
#   Decrease Java thread stack sizes (-Xss)
#   Set larger code cache with -XX:ReservedCodeCacheSize=
#   JVM is running with Unscaled Compressed Oops mode in which the Java heap is
#     placed in the first 4GB address space. The Java Heap base address is the
#     maximum limit for the native heap growth. Please use -XX:HeapBaseMinAddress
#     to set the Java Heap base and to place the Java Heap above 4GB virtual address.
# This output file may be truncated or incomplete.
#
#  Out of Memory Error (arena.cpp:168), pid=4720, tid=2324
#
# JRE version: OpenJDK Runtime Environment Temurin-21.0.9+10 (21.0.9+10) (build 21.0.9+10-LTS)
# Java VM: OpenJDK 64-Bit Server VM Temurin-21.0.9+10 (21.0.9+10-LTS, mixed mode, sharing, tiered, compressed oops, compressed class ptrs, parallel gc, windows-amd64)
# No core dump will be written. Minidumps are not enabled by default on client versions of Windows
#

---------------  S U M M A R Y ------------

Command Line: --add-modules=ALL-SYSTEM --add-opens=java.base/java.util=ALL-UNNAMED --add-opens=java.base/java.lang=ALL-UNNAMED --add-opens=java.base/sun.nio.fs=ALL-UNNAMED -Declipse.application=org.eclipse.jdt.ls.core.id1 -Dosgi.bundles.defaultStartLevel=4 -Declipse.product=org.eclipse.jdt.ls.core.product -Djava.import.generatesMetadataFilesAtProjectRoot=false -DDetectVMInstallationsJob.disabled=true -Dfile.encoding=utf8 -XX:+UseParallelGC -XX:GCTimeRatio=4 -XX:AdaptiveSizePolicyWeight=90 -Dsun.zip.disableMemoryMapping=true -Xmx2G -Xms100m -Xlog:disable -javaagent:c:\Users\prakh\.vscode\extensions\redhat.java-1.51.0-win32-x64\lombok\lombok-1.18.39-4050.jar -XX:+HeapDumpOnOutOfMemoryError -XX:HeapDumpPath=c:\Users\prakh\AppData\Roaming\Code\User\workspaceStorage\b3f9aee5e71703e3103f9e1fbb08258b\redhat.java -Daether.dependencyCollector.impl=bf c:\Users\prakh\.vscode\extensions\redhat.java-1.51.0-win32-x64\server\plugins\org.eclipse.equinox.launcher_1.7.100.v20251111-0406.jar -configuration c:\Users\prakh\AppData\Roaming\Code\User\globalStorage\redhat.java\1.51.0\config_win -data c:\Users\prakh\AppData\Roaming\Code\User\workspaceStorage\b3f9aee5e71703e3103f9e1fbb08258b\redhat.java\jdt_ws --pipe=\\.\pipe\lsp-a628c252835f4f3cd672944a198be493-sock

Host: Intel(R) Core(TM) i7-6700 CPU @ 3.40GHz, 8 cores, 11G,  Windows 11 , 64 bit Build 26100 (10.0.26100.7623)
Time: Thu Jan 15 07:32:11 2026 India Standard Time elapsed time: 20.781782 seconds (0d 0h 0m 20s)

---------------  T H R E A D  ---------------

Current thread (0x000001e4276adac0):  JavaThread "C2 CompilerThread0" daemon [_thread_in_native, id=2324, stack(0x000000cb76900000,0x000000cb76a00000) (1024K)]


Current CompileTask:
C2:20781 11198       4       org.eclipse.jdt.internal.core.util.WeakHashSet::add (105 bytes)

Stack: [0x000000cb76900000,0x000000cb76a00000]
Native frames: (J=compiled Java code, j=interpreted, Vv=VM code, C=native code)
V  [jvm.dll+0x6d6e29]
V  [jvm.dll+0x8b4b76]
V  [jvm.dll+0x8b712e]
V  [jvm.dll+0x8b7813]
V  [jvm.dll+0x283d86]
V  [jvm.dll+0xc66ed]
V  [jvm.dll+0xc6c31]
V  [jvm.dll+0x5de601]
V  [jvm.dll+0x38abc1]
V  [jvm.dll+0x389fda]
V  [jvm.dll+0x24bfa0]
V  [jvm.dll+0x24b580]
V  [jvm.dll+0x1cb13e]
V  [jvm.dll+0x25b29d]
V  [jvm.dll+0x25982a]
V  [jvm.dll+0x3f7ea6]
V  [jvm.dll+0x85e9ad]
V  [jvm.dll+0x6d565d]
C  [ucrtbase.dll+0x37b0]
C  [KERNEL32.DLL+0x2e8d7]
C  [ntdll.dll+0x8c53c]


---------------  P R O C E S S  ---------------

Threads class SMR info:
_java_thread_list=0x000001e47c3c7040, length=68, elements={
0x000001e40e90aa50, 0x000001e42768d470, 0x000001e42768fa40, 0x000001e4276954b0,
0x000001e427695f00, 0x000001e427699ec0, 0x000001e42769c0d0, 0x000001e4276adac0,
0x000001e4276b09c0, 0x000001e46a242600, 0x000001e46a2c6e20, 0x000001e46a6ec770,
0x000001e46f0615f0, 0x000001e46f1e9700, 0x000001e46f1e05b0, 0x000001e46f3a71d0,
0x000001e46f3a7860, 0x000001e46f3a5e20, 0x000001e46f3a64b0, 0x000001e46f3a4a70,
0x000001e46f3a5100, 0x000001e46f3a6b40, 0x000001e46fd99070, 0x000001e46f3a43e0,
0x000001e471858420, 0x000001e47185a4f0, 0x000001e4718597d0, 0x000001e471859e60,
0x000001e47185bf30, 0x000001e47185ab80, 0x000001e47185b210, 0x000001e47185b8a0,
0x000001e471858ab0, 0x000001e47185c5c0, 0x000001e471859140, 0x000001e47185f3b0,
0x000001e47185e690, 0x000001e47185fa40, 0x000001e47185cc50, 0x000001e47185d970,
0x000001e47185d2e0, 0x000001e47185e000, 0x000001e471f66b90, 0x000001e471f692f0,
0x000001e471f67220, 0x000001e471f678b0, 0x000001e471f67f40, 0x000001e471f6b3c0,
0x000001e471f6a6a0, 0x000001e471f6ba50, 0x000001e471f68c60, 0x000001e471f6a010,
0x000001e471f685d0, 0x000001e471f6ad30, 0x000001e471f6c770, 0x000001e471f6ce00,
0x000001e471f69980, 0x000001e471f6d490, 0x000001e471f6c0e0, 0x000001e471f6db20,
0x000001e46a428df0, 0x000001e46a428760, 0x000001e46a429b10, 0x000001e46a42b550,
0x000001e46a429480, 0x000001e46a42aec0, 0x000001e46a42a1a0, 0x000001e4728a21c0
}

Java Threads: ( => current thread )
  0x000001e40e90aa50 JavaThread "main"                              [_thread_blocked, id=25008, stack(0x000000cb75f00000,0x000000cb76000000) (1024K)]
  0x000001e42768d470 JavaThread "Reference Handler"          daemon [_thread_blocked, id=28852, stack(0x000000cb76300000,0x000000cb76400000) (1024K)]
  0x000001e42768fa40 JavaThread "Finalizer"                  daemon [_thread_blocked, id=22696, stack(0x000000cb76400000,0x000000cb76500000) (1024K)]
  0x000001e4276954b0 JavaThread "Signal Dispatcher"          daemon [_thread_blocked, id=20348, stack(0x000000cb76500000,0x000000cb76600000) (1024K)]
  0x000001e427695f00 JavaThread "Attach Listener"            daemon [_thread_blocked, id=23300, stack(0x000000cb76600000,0x000000cb76700000) (1024K)]
  0x000001e427699ec0 JavaThread "Service Thread"             daemon [_thread_blocked, id=26900, stack(0x000000cb76700000,0x000000cb76800000) (1024K)]
  0x000001e42769c0d0 JavaThread "Monitor Deflation Thread"   daemon [_thread_blocked, id=29224, stack(0x000000cb76800000,0x000000cb76900000) (1024K)]
=>0x000001e4276adac0 JavaThread "C2 CompilerThread0"         daemon [_thread_in_native, id=2324, stack(0x000000cb76900000,0x000000cb76a00000) (1024K)]
  0x000001e4276b09c0 JavaThread "C1 CompilerThread0"         daemon [_thread_blocked, id=29352, stack(0x000000cb76a00000,0x000000cb76b00000) (1024K)]
  0x000001e46a242600 JavaThread "Common-Cleaner"             daemon [_thread_blocked, id=20880, stack(0x000000cb76c00000,0x000000cb76d00000) (1024K)]
  0x000001e46a2c6e20 JavaThread "Notification Thread"        daemon [_thread_blocked, id=23260, stack(0x000000cb76d00000,0x000000cb76e00000) (1024K)]
  0x000001e46a6ec770 JavaThread "Active Thread: Equinox Container: 7341bc49-43c6-4aa0-be4d-8379a9a74d97"        [_thread_blocked, id=21836, stack(0x000000cb77500000,0x000000cb77600000) (1024K)]
  0x000001e46f0615f0 JavaThread "Refresh Thread: Equinox Container: 7341bc49-43c6-4aa0-be4d-8379a9a74d97" daemon [_thread_blocked, id=16984, stack(0x000000cb77700000,0x000000cb77800000) (1024K)]
  0x000001e46f1e9700 JavaThread "Framework Event Dispatcher: Equinox Container: 7341bc49-43c6-4aa0-be4d-8379a9a74d97" daemon [_thread_blocked, id=4196, stack(0x000000cb77800000,0x000000cb77900000) (1024K)]
  0x000001e46f1e05b0 JavaThread "Start Level: Equinox Container: 7341bc49-43c6-4aa0-be4d-8379a9a74d97" daemon [_thread_blocked, id=28008, stack(0x000000cb77900000,0x000000cb77a00000) (1024K)]
  0x000001e46f3a71d0 JavaThread "Bundle File Closer"         daemon [_thread_blocked, id=9872, stack(0x000000cb77a00000,0x000000cb77b00000) (1024K)]
  0x000001e46f3a7860 JavaThread "SCR Component Actor"        daemon [_thread_blocked, id=7892, stack(0x000000cb76e00000,0x000000cb76f00000) (1024K)]
  0x000001e46f3a5e20 JavaThread "Worker-JM"                         [_thread_blocked, id=16784, stack(0x000000cb77c00000,0x000000cb77d00000) (1024K)]
  0x000001e46f3a64b0 JavaThread "JNA Cleaner"                daemon [_thread_blocked, id=10040, stack(0x000000cb77b00000,0x000000cb77c00000) (1024K)]
  0x000001e46f3a4a70 JavaThread "Worker-0"                          [_thread_blocked, id=26100, stack(0x000000cb77d00000,0x000000cb77e00000) (1024K)]
  0x000001e46f3a5100 JavaThread "Worker-1: Initialize workspace"        [_thread_in_native, id=19784, stack(0x000000cb77e00000,0x000000cb77f00000) (1024K)]
  0x000001e46f3a6b40 JavaThread "Worker-2: Publish Diagnostics"        [_thread_blocked, id=27220, stack(0x000000cb77f00000,0x000000cb78000000) (1024K)]
  0x000001e46fd99070 JavaThread "C2 CompilerThread1"         daemon [_thread_in_native, id=27268, stack(0x000000cb76b00000,0x000000cb76c00000) (1024K)]
  0x000001e46f3a43e0 JavaThread "Java indexing"              daemon [_thread_blocked, id=22808, stack(0x000000cb78100000,0x000000cb78200000) (1024K)]
  0x000001e471858420 JavaThread "Worker-3"                          [_thread_blocked, id=22844, stack(0x000000cb78200000,0x000000cb78300000) (1024K)]
  0x000001e47185a4f0 JavaThread "Worker-4"                          [_thread_blocked, id=21500, stack(0x000000cb78600000,0x000000cb78700000) (1024K)]
  0x000001e4718597d0 JavaThread "Worker-5"                          [_thread_blocked, id=19872, stack(0x000000cb78700000,0x000000cb78800000) (1024K)]
  0x000001e471859e60 JavaThread "Thread-1"                   daemon [_thread_in_native, id=23588, stack(0x000000cb78800000,0x000000cb78900000) (1024K)]
  0x000001e47185bf30 JavaThread "Thread-2"                   daemon [_thread_in_native, id=12424, stack(0x000000cb78900000,0x000000cb78a00000) (1024K)]
  0x000001e47185ab80 JavaThread "Thread-3"                   daemon [_thread_in_native, id=25920, stack(0x000000cb78a00000,0x000000cb78b00000) (1024K)]
  0x000001e47185b210 JavaThread "Thread-4"                   daemon [_thread_in_native, id=19968, stack(0x000000cb78b00000,0x000000cb78c00000) (1024K)]
  0x000001e47185b8a0 JavaThread "Thread-5"                   daemon [_thread_in_native, id=25120, stack(0x000000cb78c00000,0x000000cb78d00000) (1024K)]
  0x000001e471858ab0 JavaThread "Thread-6"                   daemon [_thread_in_native, id=8780, stack(0x000000cb78d00000,0x000000cb78e00000) (1024K)]
  0x000001e47185c5c0 JavaThread "Thread-7"                   daemon [_thread_in_native, id=17128, stack(0x000000cb78e00000,0x000000cb78f00000) (1024K)]
  0x000001e471859140 JavaThread "Thread-8"                   daemon [_thread_in_native, id=26820, stack(0x000000cb78f00000,0x000000cb79000000) (1024K)]
  0x000001e47185f3b0 JavaThread "Thread-9"                   daemon [_thread_in_native, id=9968, stack(0x000000cb79000000,0x000000cb79100000) (1024K)]
  0x000001e47185e690 JavaThread "pool-2-thread-1"                   [_thread_blocked, id=2404, stack(0x000000cb79100000,0x000000cb79200000) (1024K)]
  0x000001e47185fa40 JavaThread "WorkspaceEventsHandler"            [_thread_blocked, id=28376, stack(0x000000cb79200000,0x000000cb79300000) (1024K)]
  0x000001e47185cc50 JavaThread "pool-1-thread-1"                   [_thread_blocked, id=24752, stack(0x000000cb79300000,0x000000cb79400000) (1024K)]
  0x000001e47185d970 JavaThread "LocalFile Deleter"          daemon [_thread_blocked, id=19636, stack(0x000000cb79400000,0x000000cb79500000) (1024K)]
  0x000001e47185d2e0 JavaThread "LocalFile Deleter"          daemon [_thread_blocked, id=14684, stack(0x000000cb79500000,0x000000cb79600000) (1024K)]
  0x000001e47185e000 JavaThread "LocalFile Deleter"          daemon [_thread_blocked, id=29012, stack(0x000000cb79600000,0x000000cb79700000) (1024K)]
  0x000001e471f66b90 JavaThread "LocalFile Deleter"          daemon [_thread_blocked, id=22344, stack(0x000000cb79700000,0x000000cb79800000) (1024K)]
  0x000001e471f692f0 JavaThread "LocalFile Deleter"          daemon [_thread_blocked, id=19736, stack(0x000000cb79800000,0x000000cb79900000) (1024K)]
  0x000001e471f67220 JavaThread "LocalFile Deleter"          daemon [_thread_blocked, id=24808, stack(0x000000cb79900000,0x000000cb79a00000) (1024K)]
  0x000001e471f678b0 JavaThread "LocalFile Deleter"          daemon [_thread_blocked, id=24108, stack(0x000000cb79a00000,0x000000cb79b00000) (1024K)]
  0x000001e471f67f40 JavaThread "LocalFile Deleter"          daemon [_thread_blocked, id=14264, stack(0x000000cb79b00000,0x000000cb79c00000) (1024K)]
  0x000001e471f6b3c0 JavaThread "Compiler Source File Reader" daemon [_thread_blocked, id=8692, stack(0x000000cb79c00000,0x000000cb79d00000) (1024K)]
  0x000001e471f6a6a0 JavaThread "Compiler Source File Reader" daemon [_thread_blocked, id=28160, stack(0x000000cb79d00000,0x000000cb79e00000) (1024K)]
  0x000001e471f6ba50 JavaThread "Compiler Source File Reader" daemon [_thread_blocked, id=2532, stack(0x000000cb79e00000,0x000000cb79f00000) (1024K)]
  0x000001e471f68c60 JavaThread "Compiler Source File Reader" daemon [_thread_blocked, id=24016, stack(0x000000cb79f00000,0x000000cb7a000000) (1024K)]
  0x000001e471f6a010 JavaThread "Compiler Source File Reader" daemon [_thread_blocked, id=27172, stack(0x000000cb7a000000,0x000000cb7a100000) (1024K)]
  0x000001e471f685d0 JavaThread "Compiler Source File Reader" daemon [_thread_blocked, id=25108, stack(0x000000cb7a100000,0x000000cb7a200000) (1024K)]
  0x000001e471f6ad30 JavaThread "Compiler Processing Task"   daemon [_thread_blocked, id=10188, stack(0x000000cb7a200000,0x000000cb7a300000) (1024K)]
  0x000001e471f6c770 JavaThread "Compiler Class File Writer" daemon [_thread_blocked, id=14588, stack(0x000000cb7a300000,0x000000cb7a400000) (1024K)]
  0x000001e471f6ce00 JavaThread "Compiler Class File Writer" daemon [_thread_blocked, id=4716, stack(0x000000cb7a400000,0x000000cb7a500000) (1024K)]
  0x000001e471f69980 JavaThread "Compiler Class File Writer" daemon [_thread_blocked, id=9644, stack(0x000000cb7a500000,0x000000cb7a600000) (1024K)]
  0x000001e471f6d490 JavaThread "Compiler Class File Writer" daemon [_thread_blocked, id=29336, stack(0x000000cb7a600000,0x000000cb7a700000) (1024K)]
  0x000001e471f6c0e0 JavaThread "Compiler Class File Writer" daemon [_thread_blocked, id=19392, stack(0x000000cb7a700000,0x000000cb7a800000) (1024K)]
  0x000001e471f6db20 JavaThread "Compiler Class File Writer" daemon [_thread_blocked, id=13896, stack(0x000000cb7a800000,0x000000cb7a900000) (1024K)]
  0x000001e46a428df0 JavaThread "ForkJoinPool.commonPool-worker-1" daemon [_thread_in_Java, id=22848, stack(0x000000cb7a900000,0x000000cb7aa00000) (1024K)]
  0x000001e46a428760 JavaThread "ForkJoinPool.commonPool-worker-2" daemon [_thread_blocked, id=25632, stack(0x000000cb7aa00000,0x000000cb7ab00000) (1024K)]
  0x000001e46a429b10 JavaThread "ForkJoinPool.commonPool-worker-3" daemon [_thread_in_Java, id=24584, stack(0x000000cb78000000,0x000000cb78100000) (1024K)]
  0x000001e46a42b550 JavaThread "ForkJoinPool.commonPool-worker-4" daemon [_thread_blocked, id=6396, stack(0x000000cb7ab00000,0x000000cb7ac00000) (1024K)]
  0x000001e46a429480 JavaThread "ForkJoinPool.commonPool-worker-5" daemon [_thread_blocked, id=28592, stack(0x000000cb7ac00000,0x000000cb7ad00000) (1024K)]
  0x000001e46a42aec0 JavaThread "ForkJoinPool.commonPool-worker-6" daemon [_thread_blocked, id=7156, stack(0x000000cb7ad00000,0x000000cb7ae00000) (1024K)]
  0x000001e46a42a1a0 JavaThread "ForkJoinPool.commonPool-worker-7" daemon [_thread_blocked, id=13508, stack(0x000000cb7ae00000,0x000000cb7af00000) (1024K)]
  0x000001e4728a21c0 JavaThread "C2 CompilerThread2"         daemon [_thread_in_native, id=21360, stack(0x000000cb7af00000,0x000000cb7b000000) (1024K)]
Total: 68

Other Threads:
  0x000001e42766fd10 VMThread "VM Thread"                           [id=25224, stack(0x000000cb76200000,0x000000cb76300000) (1024K)]
  0x000001e4275acb20 WatcherThread "VM Periodic Task Thread"        [id=13864, stack(0x000000cb76100000,0x000000cb76200000) (1024K)]
  0x000001e410c3b3a0 WorkerThread "GC Thread#0"                     [id=20812, stack(0x000000cb76000000,0x000000cb76100000) (1024K)]
  0x000001e46a53f190 WorkerThread "GC Thread#1"                     [id=22316, stack(0x000000cb76f00000,0x000000cb77000000) (1024K)]
  0x000001e46a9ff4b0 WorkerThread "GC Thread#2"                     [id=28948, stack(0x000000cb77000000,0x000000cb77100000) (1024K)]
  0x000001e46a53f530 WorkerThread "GC Thread#3"                     [id=28784, stack(0x000000cb77100000,0x000000cb77200000) (1024K)]
  0x000001e46a53f8d0 WorkerThread "GC Thread#4"                     [id=21348, stack(0x000000cb77200000,0x000000cb77300000) (1024K)]
  0x000001e46a53fc70 WorkerThread "GC Thread#5"                     [id=16416, stack(0x000000cb77300000,0x000000cb77400000) (1024K)]
  0x000001e46a6d48b0 WorkerThread "GC Thread#6"                     [id=6468, stack(0x000000cb77400000,0x000000cb77500000) (1024K)]
  0x000001e46f20b7a0 WorkerThread "GC Thread#7"                     [id=11584, stack(0x000000cb77600000,0x000000cb77700000) (1024K)]
Total: 10

Threads with active compile tasks:
C2 CompilerThread0  22375 11198       4       org.eclipse.jdt.internal.core.util.WeakHashSet::add (105 bytes)
C2 CompilerThread1  22375 11185   !   4       org.eclipse.jdt.internal.core.util.DeduplicationUtil::intern (149 bytes)
C2 CompilerThread2  22375 11150       4       org.eclipse.jdt.internal.core.JarPackageFragmentRoot::initRawPackageInfo (292 bytes)
Total: 3

VM state: not at safepoint (normal execution)

VM Mutex/Monitor currently owned by a thread: None

Heap address: 0x0000000080000000, size: 2048 MB, Compressed Oops mode: 32-bit

CDS archive(s) mapped at: [0x000001e428000000-0x000001e428ba0000-0x000001e428ba0000), size 12189696, SharedBaseAddress: 0x000001e428000000, ArchiveRelocationMode: 1.
Compressed class space mapped at: 0x000001e429000000-0x000001e469000000, reserved size: 1073741824
Narrow klass base: 0x000001e428000000, Narrow klass shift: 0, Narrow klass range: 0x100000000

GC Precious Log:
 CardTable entry size: 512
 CPUs: 8 total, 8 available
 Memory: 12171M
 Large Page Support: Disabled
 NUMA Support: Disabled
 Compressed Oops: Enabled (32-bit)
 Alignments: Space 512K, Generation 512K, Heap 2M
 Heap Min Capacity: 100M
 Heap Initial Capacity: 100M
 Heap Max Capacity: 2G
 Pre-touch: Disabled
 Parallel Workers: 8

Heap:
 PSYoungGen      total 20992K, used 3240K [0x00000000d5580000, 0x00000000d6b80000, 0x0000000100000000)
  eden space 20480K, 13% used [0x00000000d5580000,0x00000000d582acb0,0x00000000d6980000)
  from space 512K, 99% used [0x00000000d6a00000,0x00000000d6a7f3e8,0x00000000d6a80000)
  to   space 1024K, 0% used [0x00000000d6a80000,0x00000000d6a80000,0x00000000d6b80000)
 ParOldGen       total 70656K, used 70340K [0x0000000080000000, 0x0000000084500000, 0x00000000d5580000)
  object space 70656K, 99% used [0x0000000080000000,0x00000000844b1160,0x0000000084500000)
 Metaspace       used 65708K, committed 67264K, reserved 1114112K
  class space    used 6984K, committed 7680K, reserved 1048576K

Card table byte_map: [0x000001e4105f0000,0x000001e410a00000] _byte_map_base: 0x000001e4101f0000

Marking Bits: (ParMarkBitMap*) 0x00007ffd1f8d2460
 Begin Bits: [0x000001e4230d0000, 0x000001e4250d0000)
 End Bits:   [0x000001e4250d0000, 0x000001e4270d0000)

Polling page: 0x000001e4103e0000

Metaspace:

Usage:
  Non-class:     57.35 MB used.
      Class:      6.82 MB used.
       Both:     64.17 MB used.

Virtual space:
  Non-class space:       64.00 MB reserved,      58.19 MB ( 91%) committed,  1 nodes.
      Class space:        1.00 GB reserved,       7.50 MB ( <1%) committed,  1 nodes.
             Both:        1.06 GB reserved,      65.69 MB (  6%) committed. 

Chunk freelists:
   Non-Class:  4.94 MB
       Class:  8.50 MB
        Both:  13.44 MB

MaxMetaspaceSize: unlimited
CompressedClassSpaceSize: 1.00 GB
Initial GC threshold: 21.00 MB
Current GC threshold: 98.12 MB
CDS: on
 - commit_granule_bytes: 65536.
 - commit_granule_words: 8192.
 - virtual_space_node_default_size: 8388608.
 - enlarge_chunks_in_place: 1.
 - use_allocation_guard: 0.


Internal statistics:

num_allocs_failed_limit: 15.
num_arena_births: 1264.
num_arena_deaths: 18.
num_vsnodes_births: 2.
num_vsnodes_deaths: 0.
num_space_committed: 1051.
num_space_uncommitted: 0.
num_chunks_returned_to_freelist: 35.
num_chunks_taken_from_freelist: 4408.
num_chunk_merges: 17.
num_chunk_splits: 2684.
num_chunks_enlarged: 1468.
num_inconsistent_stats: 0.

CodeHeap 'non-profiled nmethods': size=120000Kb used=6389Kb max_used=6389Kb free=113610Kb
 bounds [0x000001e41b8f0000, 0x000001e41bf30000, 0x000001e422e20000]
CodeHeap 'profiled nmethods': size=120000Kb used=23061Kb max_used=23061Kb free=96938Kb
 bounds [0x000001e413e20000, 0x000001e4154b0000, 0x000001e41b350000]
CodeHeap 'non-nmethods': size=5760Kb used=1443Kb max_used=1520Kb free=4316Kb
 bounds [0x000001e41b350000, 0x000001e41b5c0000, 0x000001e41b8f0000]
CodeCache: size=245760Kb, used=30893Kb, max_used=30970Kb, free=214864Kb
 total_blobs=11204, nmethods=10443, adapters=666, full_count=0
Compilation: enabled, stopped_count=0, restarted_count=0

Compilation events (20 events):
Event: 18.732 Thread 0x000001e4276b09c0 nmethod 11202 0x000001e415495d10 code [0x000001e415495ec0, 0x000001e415496070]
Event: 18.734 Thread 0x000001e4276b09c0 11204       1       org.apache.maven.artifact.DefaultArtifact::getVersion (5 bytes)
Event: 18.734 Thread 0x000001e4276b09c0 nmethod 11204 0x000001e41bf23d90 code [0x000001e41bf23f20, 0x000001e41bf23fe8]
Event: 18.742 Thread 0x000001e4276adac0 nmethod 11186 0x000001e41bf24090 code [0x000001e41bf24320, 0x000001e41bf24d50]
Event: 18.742 Thread 0x000001e4276adac0 11198       4       org.eclipse.jdt.internal.core.util.WeakHashSet::add (105 bytes)
Event: 18.745 Thread 0x000001e4276b09c0 11205       3       org.apache.maven.artifact.repository.ArtifactRepositoryPolicy::<init> (34 bytes)
Event: 18.745 Thread 0x000001e4276b09c0 nmethod 11205 0x000001e415496190 code [0x000001e415496340, 0x000001e415496560]
Event: 18.756 Thread 0x000001e4276b09c0 11206       3       java.lang.invoke.DelegatingMethodHandle$Holder::reinvoke_L (18 bytes)
Event: 18.756 Thread 0x000001e4276b09c0 nmethod 11206 0x000001e415496610 code [0x000001e4154967e0, 0x000001e415496c68]
Event: 18.759 Thread 0x000001e4276b09c0 11207       3       java.util.TimSort::mergeCollapse (134 bytes)
Event: 18.760 Thread 0x000001e4276b09c0 nmethod 11207 0x000001e415496d90 code [0x000001e415496f80, 0x000001e415497450]
Event: 18.762 Thread 0x000001e4276b09c0 11208       3       org.eclipse.jdt.internal.core.JavaModelCache::getExistingElement (101 bytes)
Event: 18.763 Thread 0x000001e4276b09c0 nmethod 11208 0x000001e415497690 code [0x000001e415497940, 0x000001e415498c68]
Event: 18.765 Thread 0x000001e4276b09c0 11209       3       org.eclipse.jdt.internal.core.util.LRUCache::getKey (23 bytes)
Event: 18.765 Thread 0x000001e4276b09c0 nmethod 11209 0x000001e415499010 code [0x000001e4154991e0, 0x000001e415499520]
Event: 18.766 Thread 0x000001e4276b09c0 11210       3       org.eclipse.jdt.internal.core.util.HashSetOfArray::<init> (7 bytes)
Event: 18.766 Thread 0x000001e4276b09c0 nmethod 11210 0x000001e415499610 code [0x000001e4154997c0, 0x000001e415499900]
Event: 18.766 Thread 0x000001e4276b09c0 11211       1       org.apache.maven.artifact.repository.MavenArtifactRepository::getBasedir (5 bytes)
Event: 18.766 Thread 0x000001e4276b09c0 nmethod 11211 0x000001e41bf25590 code [0x000001e41bf25720, 0x000001e41bf257e8]
Event: 18.766 Thread 0x000001e4276b09c0 11212   !   3       org.eclipse.jdt.internal.core.JarPackageFragmentRoot::computeChildren (605 bytes)

GC Heap History (20 events):
Event: 14.448 GC heap before
{Heap before GC invocations=48 (full 3):
 PSYoungGen      total 21504K, used 21504K [0x00000000d5580000, 0x00000000d6c00000, 0x0000000100000000)
  eden space 20480K, 100% used [0x00000000d5580000,0x00000000d6980000,0x00000000d6980000)
  from space 1024K, 100% used [0x00000000d6b00000,0x00000000d6c00000,0x00000000d6c00000)
  to   space 1536K, 0% used [0x00000000d6980000,0x00000000d6980000,0x00000000d6b00000)
 ParOldGen       total 68608K, used 61033K [0x0000000080000000, 0x0000000084300000, 0x00000000d5580000)
  object space 68608K, 88% used [0x0000000080000000,0x0000000083b9a7e0,0x0000000084300000)
 Metaspace       used 65618K, committed 67200K, reserved 1114112K
  class space    used 6984K, committed 7680K, reserved 1048576K
}
Event: 16.468 GC heap after
{Heap after GC invocations=48 (full 3):
 PSYoungGen      total 22016K, used 1408K [0x00000000d5580000, 0x00000000d6c00000, 0x0000000100000000)
  eden space 20480K, 0% used [0x00000000d5580000,0x00000000d5580000,0x00000000d6980000)
  from space 1536K, 91% used [0x00000000d6980000,0x00000000d6ae0298,0x00000000d6b00000)
  to   space 1024K, 0% used [0x00000000d6b00000,0x00000000d6b00000,0x00000000d6c00000)
 ParOldGen       total 68608K, used 62109K [0x0000000080000000, 0x0000000084300000, 0x00000000d5580000)
  object space 68608K, 90% used [0x0000000080000000,0x0000000083ca7428,0x0000000084300000)
 Metaspace       used 65618K, committed 67200K, reserved 1114112K
  class space    used 6984K, committed 7680K, reserved 1048576K
}
Event: 18.587 GC heap before
{Heap before GC invocations=49 (full 3):
 PSYoungGen      total 22016K, used 21888K [0x00000000d5580000, 0x00000000d6c00000, 0x0000000100000000)
  eden space 20480K, 100% used [0x00000000d5580000,0x00000000d6980000,0x00000000d6980000)
  from space 1536K, 91% used [0x00000000d6980000,0x00000000d6ae0298,0x00000000d6b00000)
  to   space 1024K, 0% used [0x00000000d6b00000,0x00000000d6b00000,0x00000000d6c00000)
 ParOldGen       total 68608K, used 62109K [0x0000000080000000, 0x0000000084300000, 0x00000000d5580000)
  object space 68608K, 90% used [0x0000000080000000,0x0000000083ca7428,0x0000000084300000)
 Metaspace       used 65641K, committed 67200K, reserved 1114112K
  class space    used 6984K, committed 7680K, reserved 1048576K
}
Event: 18.589 GC heap after
{Heap after GC invocations=49 (full 3):
 PSYoungGen      total 21504K, used 605K [0x00000000d5580000, 0x00000000d6c80000, 0x0000000100000000)
  eden space 20480K, 0% used [0x00000000d5580000,0x00000000d5580000,0x00000000d6980000)
  from space 1024K, 59% used [0x00000000d6b00000,0x00000000d6b97408,0x00000000d6c00000)
  to   space 1536K, 0% used [0x00000000d6980000,0x00000000d6980000,0x00000000d6b00000)
 ParOldGen       total 68608K, used 63330K [0x0000000080000000, 0x0000000084300000, 0x00000000d5580000)
  object space 68608K, 92% used [0x0000000080000000,0x0000000083dd8a00,0x0000000084300000)
 Metaspace       used 65641K, committed 67200K, reserved 1114112K
  class space    used 6984K, committed 7680K, reserved 1048576K
}
Event: 18.612 GC heap before
{Heap before GC invocations=50 (full 3):
 PSYoungGen      total 21504K, used 21085K [0x00000000d5580000, 0x00000000d6c80000, 0x0000000100000000)
  eden space 20480K, 100% used [0x00000000d5580000,0x00000000d6980000,0x00000000d6980000)
  from space 1024K, 59% used [0x00000000d6b00000,0x00000000d6b97408,0x00000000d6c00000)
  to   space 1536K, 0% used [0x00000000d6980000,0x00000000d6980000,0x00000000d6b00000)
 ParOldGen       total 68608K, used 63330K [0x0000000080000000, 0x0000000084300000, 0x00000000d5580000)
  object space 68608K, 92% used [0x0000000080000000,0x0000000083dd8a00,0x0000000084300000)
 Metaspace       used 65661K, committed 67200K, reserved 1114112K
  class space    used 6984K, committed 7680K, reserved 1048576K
}
Event: 18.613 GC heap after
{Heap after GC invocations=50 (full 3):
 PSYoungGen      total 20992K, used 437K [0x00000000d5580000, 0x00000000d6b80000, 0x0000000100000000)
  eden space 20480K, 0% used [0x00000000d5580000,0x00000000d5580000,0x00000000d6980000)
  from space 512K, 85% used [0x00000000d6980000,0x00000000d69ed780,0x00000000d6a00000)
  to   space 1024K, 0% used [0x00000000d6a80000,0x00000000d6a80000,0x00000000d6b80000)
 ParOldGen       total 68608K, used 63502K [0x0000000080000000, 0x0000000084300000, 0x00000000d5580000)
  object space 68608K, 92% used [0x0000000080000000,0x0000000083e03a48,0x0000000084300000)
 Metaspace       used 65661K, committed 67200K, reserved 1114112K
  class space    used 6984K, committed 7680K, reserved 1048576K
}
Event: 18.638 GC heap before
{Heap before GC invocations=51 (full 3):
 PSYoungGen      total 20992K, used 20917K [0x00000000d5580000, 0x00000000d6b80000, 0x0000000100000000)
  eden space 20480K, 100% used [0x00000000d5580000,0x00000000d6980000,0x00000000d6980000)
  from space 512K, 85% used [0x00000000d6980000,0x00000000d69ed780,0x00000000d6a00000)
  to   space 1024K, 0% used [0x00000000d6a80000,0x00000000d6a80000,0x00000000d6b80000)
 ParOldGen       total 68608K, used 63502K [0x0000000080000000, 0x0000000084300000, 0x00000000d5580000)
  object space 68608K, 92% used [0x0000000080000000,0x0000000083e03a48,0x0000000084300000)
 Metaspace       used 65663K, committed 67200K, reserved 1114112K
  class space    used 6984K, committed 7680K, reserved 1048576K
}
Event: 18.640 GC heap after
{Heap after GC invocations=51 (full 3):
 PSYoungGen      total 20992K, used 482K [0x00000000d5580000, 0x00000000d6b00000, 0x0000000100000000)
  eden space 20480K, 0% used [0x00000000d5580000,0x00000000d5580000,0x00000000d6980000)
  from space 512K, 94% used [0x00000000d6a80000,0x00000000d6af8bc8,0x00000000d6b00000)
  to   space 512K, 0% used [0x00000000d6980000,0x00000000d6980000,0x00000000d6a00000)
 ParOldGen       total 68608K, used 63692K [0x0000000080000000, 0x0000000084300000, 0x00000000d5580000)
  object space 68608K, 92% used [0x0000000080000000,0x0000000083e33260,0x0000000084300000)
 Metaspace       used 65663K, committed 67200K, reserved 1114112K
  class space    used 6984K, committed 7680K, reserved 1048576K
}
Event: 18.666 GC heap before
{Heap before GC invocations=52 (full 3):
 PSYoungGen      total 20992K, used 20962K [0x00000000d5580000, 0x00000000d6b00000, 0x0000000100000000)
  eden space 20480K, 100% used [0x00000000d5580000,0x00000000d6980000,0x00000000d6980000)
  from space 512K, 94% used [0x00000000d6a80000,0x00000000d6af8bc8,0x00000000d6b00000)
  to   space 512K, 0% used [0x00000000d6980000,0x00000000d6980000,0x00000000d6a00000)
 ParOldGen       total 68608K, used 63692K [0x0000000080000000, 0x0000000084300000, 0x00000000d5580000)
  object space 68608K, 92% used [0x0000000080000000,0x0000000083e33260,0x0000000084300000)
 Metaspace       used 65668K, committed 67200K, reserved 1114112K
  class space    used 6984K, committed 7680K, reserved 1048576K
}
Event: 18.668 GC heap after
{Heap after GC invocations=52 (full 3):
 PSYoungGen      total 20992K, used 505K [0x00000000d5580000, 0x00000000d6b00000, 0x0000000100000000)
  eden space 20480K, 0% used [0x00000000d5580000,0x00000000d5580000,0x00000000d6980000)
  from space 512K, 98% used [0x00000000d6980000,0x00000000d69fe4d0,0x00000000d6a00000)
  to   space 512K, 0% used [0x00000000d6a80000,0x00000000d6a80000,0x00000000d6b00000)
 ParOldGen       total 68608K, used 64313K [0x0000000080000000, 0x0000000084300000, 0x00000000d5580000)
  object space 68608K, 93% used [0x0000000080000000,0x0000000083ece4e8,0x0000000084300000)
 Metaspace       used 65668K, committed 67200K, reserved 1114112K
  class space    used 6984K, committed 7680K, reserved 1048576K
}
Event: 18.688 GC heap before
{Heap before GC invocations=53 (full 3):
 PSYoungGen      total 20992K, used 20985K [0x00000000d5580000, 0x00000000d6b00000, 0x0000000100000000)
  eden space 20480K, 100% used [0x00000000d5580000,0x00000000d6980000,0x00000000d6980000)
  from space 512K, 98% used [0x00000000d6980000,0x00000000d69fe4d0,0x00000000d6a00000)
  to   space 512K, 0% used [0x00000000d6a80000,0x00000000d6a80000,0x00000000d6b00000)
 ParOldGen       total 68608K, used 64313K [0x0000000080000000, 0x0000000084300000, 0x00000000d5580000)
  object space 68608K, 93% used [0x0000000080000000,0x0000000083ece4e8,0x0000000084300000)
 Metaspace       used 65670K, committed 67200K, reserved 1114112K
  class space    used 6984K, committed 7680K, reserved 1048576K
}
Event: 18.690 GC heap after
{Heap after GC invocations=53 (full 3):
 PSYoungGen      total 20992K, used 507K [0x00000000d5580000, 0x00000000d6b80000, 0x0000000100000000)
  eden space 20480K, 0% used [0x00000000d5580000,0x00000000d5580000,0x00000000d6980000)
  from space 512K, 99% used [0x00000000d6a80000,0x00000000d6afed80,0x00000000d6b00000)
  to   space 1024K, 0% used [0x00000000d6980000,0x00000000d6980000,0x00000000d6a80000)
 ParOldGen       total 68608K, used 64544K [0x0000000080000000, 0x0000000084300000, 0x00000000d5580000)
  object space 68608K, 94% used [0x0000000080000000,0x0000000083f08168,0x0000000084300000)
 Metaspace       used 65670K, committed 67200K, reserved 1114112K
  class space    used 6984K, committed 7680K, reserved 1048576K
}
Event: 18.708 GC heap before
{Heap before GC invocations=54 (full 3):
 PSYoungGen      total 20992K, used 20987K [0x00000000d5580000, 0x00000000d6b80000, 0x0000000100000000)
  eden space 20480K, 100% used [0x00000000d5580000,0x00000000d6980000,0x00000000d6980000)
  from space 512K, 99% used [0x00000000d6a80000,0x00000000d6afed80,0x00000000d6b00000)
  to   space 1024K, 0% used [0x00000000d6980000,0x00000000d6980000,0x00000000d6a80000)
 ParOldGen       total 68608K, used 64544K [0x0000000080000000, 0x0000000084300000, 0x00000000d5580000)
  object space 68608K, 94% used [0x0000000080000000,0x0000000083f08168,0x0000000084300000)
 Metaspace       used 65676K, committed 67200K, reserved 1114112K
  class space    used 6984K, committed 7680K, reserved 1048576K
}
Event: 18.710 GC heap after
{Heap after GC invocations=54 (full 3):
 PSYoungGen      total 21504K, used 585K [0x00000000d5580000, 0x00000000d6b80000, 0x0000000100000000)
  eden space 20480K, 0% used [0x00000000d5580000,0x00000000d5580000,0x00000000d6980000)
  from space 1024K, 57% used [0x00000000d6980000,0x00000000d6a12730,0x00000000d6a80000)
  to   space 1024K, 0% used [0x00000000d6a80000,0x00000000d6a80000,0x00000000d6b80000)
 ParOldGen       total 68608K, used 64758K [0x0000000080000000, 0x0000000084300000, 0x00000000d5580000)
  object space 68608K, 94% used [0x0000000080000000,0x0000000083f3da30,0x0000000084300000)
 Metaspace       used 65676K, committed 67200K, reserved 1114112K
  class space    used 6984K, committed 7680K, reserved 1048576K
}
Event: 18.728 GC heap before
{Heap before GC invocations=55 (full 3):
 PSYoungGen      total 21504K, used 21065K [0x00000000d5580000, 0x00000000d6b80000, 0x0000000100000000)
  eden space 20480K, 100% used [0x00000000d5580000,0x00000000d6980000,0x00000000d6980000)
  from space 1024K, 57% used [0x00000000d6980000,0x00000000d6a12730,0x00000000d6a80000)
  to   space 1024K, 0% used [0x00000000d6a80000,0x00000000d6a80000,0x00000000d6b80000)
 ParOldGen       total 68608K, used 64758K [0x0000000080000000, 0x0000000084300000, 0x00000000d5580000)
  object space 68608K, 94% used [0x0000000080000000,0x0000000083f3da30,0x0000000084300000)
 Metaspace       used 65694K, committed 67264K, reserved 1114112K
  class space    used 6984K, committed 7680K, reserved 1048576K
}
Event: 18.729 GC heap after
{Heap after GC invocations=55 (full 3):
 PSYoungGen      total 21504K, used 611K [0x00000000d5580000, 0x00000000d6b80000, 0x0000000100000000)
  eden space 20480K, 0% used [0x00000000d5580000,0x00000000d5580000,0x00000000d6980000)
  from space 1024K, 59% used [0x00000000d6a80000,0x00000000d6b18e00,0x00000000d6b80000)
  to   space 1024K, 0% used [0x00000000d6980000,0x00000000d6980000,0x00000000d6a80000)
 ParOldGen       total 68608K, used 65083K [0x0000000080000000, 0x0000000084300000, 0x00000000d5580000)
  object space 68608K, 94% used [0x0000000080000000,0x0000000083f8ee10,0x0000000084300000)
 Metaspace       used 65694K, committed 67264K, reserved 1114112K
  class space    used 6984K, committed 7680K, reserved 1048576K
}
Event: 18.745 GC heap before
{Heap before GC invocations=56 (full 3):
 PSYoungGen      total 21504K, used 21091K [0x00000000d5580000, 0x00000000d6b80000, 0x0000000100000000)
  eden space 20480K, 100% used [0x00000000d5580000,0x00000000d6980000,0x00000000d6980000)
  from space 1024K, 59% used [0x00000000d6a80000,0x00000000d6b18e00,0x00000000d6b80000)
  to   space 1024K, 0% used [0x00000000d6980000,0x00000000d6980000,0x00000000d6a80000)
 ParOldGen       total 68608K, used 65083K [0x0000000080000000, 0x0000000084300000, 0x00000000d5580000)
  object space 68608K, 94% used [0x0000000080000000,0x0000000083f8ee10,0x0000000084300000)
 Metaspace       used 65694K, committed 67264K, reserved 1114112K
  class space    used 6984K, committed 7680K, reserved 1048576K
}
Event: 18.747 GC heap after
{Heap after GC invocations=56 (full 3):
 PSYoungGen      total 21504K, used 607K [0x00000000d5580000, 0x00000000d6b80000, 0x0000000100000000)
  eden space 20480K, 0% used [0x00000000d5580000,0x00000000d5580000,0x00000000d6980000)
  from space 1024K, 59% used [0x00000000d6980000,0x00000000d6a17df8,0x00000000d6a80000)
  to   space 1024K, 0% used [0x00000000d6a80000,0x00000000d6a80000,0x00000000d6b80000)
 ParOldGen       total 68608K, used 65387K [0x0000000080000000, 0x0000000084300000, 0x00000000d5580000)
  object space 68608K, 95% used [0x0000000080000000,0x0000000083fdaf80,0x0000000084300000)
 Metaspace       used 65694K, committed 67264K, reserved 1114112K
  class space    used 6984K, committed 7680K, reserved 1048576K
}
Event: 18.763 GC heap before
{Heap before GC invocations=57 (full 3):
 PSYoungGen      total 21504K, used 21087K [0x00000000d5580000, 0x00000000d6b80000, 0x0000000100000000)
  eden space 20480K, 100% used [0x00000000d5580000,0x00000000d6980000,0x00000000d6980000)
  from space 1024K, 59% used [0x00000000d6980000,0x00000000d6a17df8,0x00000000d6a80000)
  to   space 1024K, 0% used [0x00000000d6a80000,0x00000000d6a80000,0x00000000d6b80000)
 ParOldGen       total 68608K, used 65387K [0x0000000080000000, 0x0000000084300000, 0x00000000d5580000)
  object space 68608K, 95% used [0x0000000080000000,0x0000000083fdaf80,0x0000000084300000)
 Metaspace       used 65696K, committed 67264K, reserved 1114112K
  class space    used 6984K, committed 7680K, reserved 1048576K
}
Event: 18.765 GC heap after
{Heap after GC invocations=57 (full 3):
 PSYoungGen      total 20992K, used 345K [0x00000000d5580000, 0x00000000d6b00000, 0x0000000100000000)
  eden space 20480K, 0% used [0x00000000d5580000,0x00000000d5580000,0x00000000d6980000)
  from space 512K, 67% used [0x00000000d6a80000,0x00000000d6ad6530,0x00000000d6b00000)
  to   space 512K, 0% used [0x00000000d6a00000,0x00000000d6a00000,0x00000000d6a80000)
 ParOldGen       total 68608K, used 65621K [0x0000000080000000, 0x0000000084300000, 0x00000000d5580000)
  object space 68608K, 95% used [0x0000000080000000,0x00000000840156a0,0x0000000084300000)
 Metaspace       used 65696K, committed 67264K, reserved 1114112K
  class space    used 6984K, committed 7680K, reserved 1048576K
}

Dll operation events (10 events):
Event: 0.022 Loaded shared library c:\Users\prakh\.vscode\extensions\redhat.java-1.51.0-win32-x64\jre\21.0.9-win32-x86_64\bin\java.dll
Event: 0.115 Loaded shared library c:\Users\prakh\.vscode\extensions\redhat.java-1.51.0-win32-x64\jre\21.0.9-win32-x86_64\bin\zip.dll
Event: 0.148 Loaded shared library C:\Users\prakh\.vscode\extensions\redhat.java-1.51.0-win32-x64\jre\21.0.9-win32-x86_64\bin\instrument.dll
Event: 0.156 Loaded shared library C:\Users\prakh\.vscode\extensions\redhat.java-1.51.0-win32-x64\jre\21.0.9-win32-x86_64\bin\net.dll
Event: 0.159 Loaded shared library C:\Users\prakh\.vscode\extensions\redhat.java-1.51.0-win32-x64\jre\21.0.9-win32-x86_64\bin\nio.dll
Event: 0.163 Loaded shared library C:\Users\prakh\.vscode\extensions\redhat.java-1.51.0-win32-x64\jre\21.0.9-win32-x86_64\bin\zip.dll
Event: 0.187 Loaded shared library C:\Users\prakh\.vscode\extensions\redhat.java-1.51.0-win32-x64\jre\21.0.9-win32-x86_64\bin\jimage.dll
Event: 0.253 Loaded shared library c:\Users\prakh\.vscode\extensions\redhat.java-1.51.0-win32-x64\jre\21.0.9-win32-x86_64\bin\verify.dll
Event: 1.430 Loaded shared library C:\Users\prakh\AppData\Roaming\Code\User\globalStorage\redhat.java\1.51.0\config_win\org.eclipse.equinox.launcher\org.eclipse.equinox.launcher.win32.win32.x86_64_1.2.1400.v20250801-0854\eclipse_11916.dll
Event: 2.842 Loaded shared library C:\Users\prakh\AppData\Local\Temp\jna-106927164\jna14850404112570301458.dll

Deoptimization events (20 events):
Event: 18.584 Thread 0x000001e46f3a6b40 Uncommon trap: trap_request=0xffffff6e fr.pc=0x000001e41bf07fec relative=0x00000000000001ac
Event: 18.584 Thread 0x000001e46f3a6b40 Uncommon trap: reason=loop_limit_check action=maybe_recompile pc=0x000001e41bf07fec method=org.eclipse.jdt.internal.core.util.HashSetOfArray.hashCode([Ljava/lang/Object;I)I @ 27 c2
Event: 18.584 Thread 0x000001e46f3a6b40 DEOPT PACKING pc=0x000001e41bf07fec sp=0x000000cb77ffebe0
Event: 18.584 Thread 0x000001e46f3a6b40 DEOPT UNPACKING pc=0x000001e41b3a3aa2 sp=0x000000cb77ffeb68 mode 2
Event: 18.590 Thread 0x000001e46a428760 Uncommon trap: trap_request=0xfffffff4 fr.pc=0x000001e41bf02278 relative=0x0000000000000998
Event: 18.590 Thread 0x000001e46a428760 Uncommon trap: reason=null_check action=make_not_entrant pc=0x000001e41bf02278 method=java.util.ArrayList$SubList.equals(Ljava/lang/Object;)Z @ 8 c2
Event: 18.591 Thread 0x000001e46a428760 DEOPT PACKING pc=0x000001e41bf02278 sp=0x000000cb7aafdcb0
Event: 18.591 Thread 0x000001e46a428760 DEOPT UNPACKING pc=0x000001e41b3a3aa2 sp=0x000000cb7aafdc58 mode 2
Event: 18.598 Thread 0x000001e46f3a6b40 Uncommon trap: trap_request=0xffffff45 fr.pc=0x000001e41bf0a77c relative=0x000000000000097c
Event: 18.598 Thread 0x000001e46f3a6b40 Uncommon trap: reason=unstable_if action=reinterpret pc=0x000001e41bf0a77c method=sun.nio.fs.WindowsPath.normalize()Lsun/nio/fs/WindowsPath; @ 63 c2
Event: 18.598 Thread 0x000001e46f3a6b40 DEOPT PACKING pc=0x000001e41bf0a77c sp=0x000000cb77ffea00
Event: 18.598 Thread 0x000001e46f3a6b40 DEOPT UNPACKING pc=0x000001e41b3a3aa2 sp=0x000000cb77ffe9b8 mode 2
Event: 18.614 Thread 0x000001e46a428df0 Uncommon trap: trap_request=0xffffff45 fr.pc=0x000001e41bf0c8e4 relative=0x00000000000010a4
Event: 18.614 Thread 0x000001e46a428df0 Uncommon trap: reason=unstable_if action=reinterpret pc=0x000001e41bf0c8e4 method=org.eclipse.jdt.internal.core.util.WeakHashSet.cleanupGarbageCollectedValues()V @ 128 c2
Event: 18.614 Thread 0x000001e46a428df0 DEOPT PACKING pc=0x000001e41bf0c8e4 sp=0x000000cb7a9fe160
Event: 18.615 Thread 0x000001e46a428df0 DEOPT UNPACKING pc=0x000001e41b3a3aa2 sp=0x000000cb7a9fe068 mode 2
Event: 18.729 Thread 0x000001e46a429b10 Uncommon trap: trap_request=0xffffff45 fr.pc=0x000001e41ba76910 relative=0x0000000000000210
Event: 18.729 Thread 0x000001e46a429b10 Uncommon trap: reason=unstable_if action=reinterpret pc=0x000001e41ba76910 method=java.util.concurrent.locks.ReentrantLock$Sync.lock()V @ 4 c2
Event: 18.729 Thread 0x000001e46a429b10 DEOPT PACKING pc=0x000001e41ba76910 sp=0x000000cb780fde40
Event: 18.729 Thread 0x000001e46a429b10 DEOPT UNPACKING pc=0x000001e41b3a3aa2 sp=0x000000cb780fdd18 mode 2

Classes loaded (20 events):
Event: 11.746 Loading class java/util/Collections$SynchronizedRandomAccessList
Event: 11.746 Loading class java/util/Collections$SynchronizedList
Event: 11.746 Loading class java/util/Collections$SynchronizedList done
Event: 11.746 Loading class java/util/Collections$SynchronizedRandomAccessList done
Event: 11.750 Loading class java/util/concurrent/CompletableFuture$Signaller
Event: 11.750 Loading class java/util/concurrent/CompletableFuture$Signaller done
Event: 11.944 Loading class java/nio/charset/CharacterCodingException
Event: 11.944 Loading class java/nio/charset/CharacterCodingException done
Event: 11.944 Loading class java/io/SequenceInputStream
Event: 11.944 Loading class java/io/SequenceInputStream done
Event: 12.521 Loading class java/util/concurrent/CompletableFuture$UniApply
Event: 12.522 Loading class java/util/concurrent/CompletableFuture$UniApply done
Event: 12.523 Loading class java/util/concurrent/CompletableFuture$UniExceptionally
Event: 12.524 Loading class java/util/concurrent/CompletableFuture$UniExceptionally done
Event: 12.801 Loading class java/util/Hashtable$KeySet
Event: 12.801 Loading class java/util/Hashtable$KeySet done
Event: 14.374 Loading class java/lang/UnsupportedClassVersionError
Event: 14.375 Loading class java/lang/UnsupportedClassVersionError done
Event: 16.474 Loading class java/lang/invoke/MethodHandleImpl$CountingWrapper$1
Event: 18.555 Loading class java/lang/invoke/MethodHandleImpl$CountingWrapper$1 done

Classes unloaded (9 events):
Event: 3.386 Thread 0x000001e42766fd10 Unloading class 0x000001e4291aac00 'java/lang/invoke/LambdaForm$MH+0x000001e4291aac00'
Event: 3.386 Thread 0x000001e42766fd10 Unloading class 0x000001e4291aa800 'java/lang/invoke/LambdaForm$MH+0x000001e4291aa800'
Event: 3.386 Thread 0x000001e42766fd10 Unloading class 0x000001e4291aa400 'java/lang/invoke/LambdaForm$MH+0x000001e4291aa400'
Event: 3.386 Thread 0x000001e42766fd10 Unloading class 0x000001e4291aa000 'java/lang/invoke/LambdaForm$MH+0x000001e4291aa000'
Event: 3.386 Thread 0x000001e42766fd10 Unloading class 0x000001e4291a9c00 'java/lang/invoke/LambdaForm$BMH+0x000001e4291a9c00'
Event: 3.386 Thread 0x000001e42766fd10 Unloading class 0x000001e4291a9800 'java/lang/invoke/LambdaForm$DMH+0x000001e4291a9800'
Event: 3.386 Thread 0x000001e42766fd10 Unloading class 0x000001e4291a8400 'java/lang/invoke/LambdaForm$DMH+0x000001e4291a8400'
Event: 10.085 Thread 0x000001e42766fd10 Unloading class 0x000001e429690000 'java/lang/invoke/LambdaForm$MH+0x000001e429690000'
Event: 10.085 Thread 0x000001e42766fd10 Unloading class 0x000001e429689c00 'java/lang/invoke/LambdaForm$MH+0x000001e429689c00'

Classes redefined (0 events):
No events

Internal exceptions (20 events):
Event: 12.512 Thread 0x000001e47185cc50 Exception <a 'sun/nio/fs/WindowsException'{0x00000000d6325d38}> (0x00000000d6325d38) 
thrown [s\src\hotspot\share\prims\jni.cpp, line 520]
Event: 12.518 Thread 0x000001e47185cc50 Exception <a 'java/lang/IncompatibleClassChangeError'{0x00000000d634c750}: Found class java.lang.Object, but interface was expected> (0x00000000d634c750) 
thrown [s\src\hotspot\share\interpreter\linkResolver.cpp, line 840]
Event: 12.565 Thread 0x000001e47185cc50 Exception <a 'java/lang/IncompatibleClassChangeError'{0x00000000d64994b8}: Found class java.lang.Object, but interface was expected> (0x00000000d64994b8) 
thrown [s\src\hotspot\share\interpreter\linkResolver.cpp, line 840]
Event: 12.754 Thread 0x000001e47185cc50 Exception <a 'java/lang/IncompatibleClassChangeError'{0x00000000d6978f68}: Found class java.lang.Object, but interface was expected> (0x00000000d6978f68) 
thrown [s\src\hotspot\share\interpreter\linkResolver.cpp, line 840]
Event: 12.762 Thread 0x000001e47185cc50 Exception <a 'java/lang/IncompatibleClassChangeError'{0x00000000d55860f8}: Found class java.lang.Object, but interface was expected> (0x00000000d55860f8) 
thrown [s\src\hotspot\share\interpreter\linkResolver.cpp, line 840]
Event: 12.765 Thread 0x000001e47185cc50 Exception <a 'java/lang/IncompatibleClassChangeError'{0x00000000d5590bf0}: Found class java.lang.Object, but interface was expected> (0x00000000d5590bf0) 
thrown [s\src\hotspot\share\interpreter\linkResolver.cpp, line 840]
Event: 12.832 Thread 0x000001e46f3a5100 Exception <a 'sun/nio/fs/WindowsException'{0x00000000d5b33238}> (0x00000000d5b33238) 
thrown [s\src\hotspot\share\prims\jni.cpp, line 520]
Event: 12.832 Thread 0x000001e46f3a5100 Exception <a 'sun/nio/fs/WindowsException'{0x00000000d5b33868}> (0x00000000d5b33868) 
thrown [s\src\hotspot\share\prims\jni.cpp, line 520]
Event: 12.832 Thread 0x000001e46f3a5100 Exception <a 'sun/nio/fs/WindowsException'{0x00000000d5b34590}> (0x00000000d5b34590) 
thrown [s\src\hotspot\share\prims\jni.cpp, line 520]
Event: 12.833 Thread 0x000001e46f3a5100 Exception <a 'sun/nio/fs/WindowsException'{0x00000000d5b34bc0}> (0x00000000d5b34bc0) 
thrown [s\src\hotspot\share\prims\jni.cpp, line 520]
Event: 12.837 Thread 0x000001e46f3a5100 Exception <a 'java/io/FileNotFoundException'{0x00000000d5b94578}> (0x00000000d5b94578) 
thrown [s\src\hotspot\share\prims\jni.cpp, line 520]
Event: 12.837 Thread 0x000001e46f3a5100 Exception <a 'java/io/FileNotFoundException'{0x00000000d5be77b8}> (0x00000000d5be77b8) 
thrown [s\src\hotspot\share\prims\jni.cpp, line 520]
Event: 12.850 Thread 0x000001e46f3a5100 Exception <a 'sun/nio/fs/WindowsException'{0x00000000d5d92ff0}> (0x00000000d5d92ff0) 
thrown [s\src\hotspot\share\prims\jni.cpp, line 520]
Event: 12.850 Thread 0x000001e46f3a5100 Exception <a 'sun/nio/fs/WindowsException'{0x00000000d5d93620}> (0x00000000d5d93620) 
thrown [s\src\hotspot\share\prims\jni.cpp, line 520]
Event: 12.858 Thread 0x000001e46a42a1a0 Implicit null exception at 0x000001e41beeb502 to 0x000001e41beec298
Event: 12.879 Thread 0x000001e46f3a5100 Exception <a 'sun/nio/fs/WindowsException'{0x00000000d5fb3d98}> (0x00000000d5fb3d98) 
thrown [s\src\hotspot\share\prims\jni.cpp, line 520]
Event: 12.879 Thread 0x000001e46f3a5100 Exception <a 'sun/nio/fs/WindowsException'{0x00000000d5fb4678}> (0x00000000d5fb4678) 
thrown [s\src\hotspot\share\prims\jni.cpp, line 520]
Event: 12.903 Thread 0x000001e46f3a6b40 Exception <a 'java/lang/NoSuchMethodError'{0x00000000d61e0a90}: 'java.lang.Object java.lang.invoke.DirectMethodHandle$Holder.invokeSpecial(java.lang.Object, java.lang.Object, int, long)'> (0x00000000d61e0a90) 
thrown [s\src\hotspot\share\interpreter\linkResolver.cpp, line 773]
Event: 14.400 Thread 0x000001e46a428df0 Exception <a 'java/lang/NoSuchMethodError'{0x00000000d5dc85c8}: 'int java.lang.invoke.Invokers$Holder.invokeExact_MT(java.lang.Object, java.lang.Object)'> (0x00000000d5dc85c8) 
thrown [s\src\hotspot\share\interpreter\linkResolver.cpp, line 773]
Event: 18.590 Thread 0x000001e46a428760 Implicit null exception at 0x000001e41bf01929 to 0x000001e41bf02268

ZGC Phase Switch (0 events):
No events

VM Operations (20 events):
Event: 18.587 Executing VM operation: ParallelGCFailedAllocation (Allocation Failure)
Event: 18.589 Executing VM operation: ParallelGCFailedAllocation (Allocation Failure) done
Event: 18.612 Executing VM operation: ParallelGCFailedAllocation (Allocation Failure)
Event: 18.613 Executing VM operation: ParallelGCFailedAllocation (Allocation Failure) done
Event: 18.638 Executing VM operation: ParallelGCFailedAllocation (Allocation Failure)
Event: 18.640 Executing VM operation: ParallelGCFailedAllocation (Allocation Failure) done
Event: 18.666 Executing VM operation: ParallelGCFailedAllocation (Allocation Failure)
Event: 18.668 Executing VM operation: ParallelGCFailedAllocation (Allocation Failure) done
Event: 18.688 Executing VM operation: ParallelGCFailedAllocation (Allocation Failure)
Event: 18.690 Executing VM operation: ParallelGCFailedAllocation (Allocation Failure) done
Event: 18.708 Executing VM operation: ParallelGCFailedAllocation (Allocation Failure)
Event: 18.710 Executing VM operation: ParallelGCFailedAllocation (Allocation Failure) done
Event: 18.727 Executing VM operation: ParallelGCFailedAllocation (Allocation Failure)
Event: 18.729 Executing VM operation: ParallelGCFailedAllocation (Allocation Failure) done
Event: 18.745 Executing VM operation: ParallelGCFailedAllocation (Allocation Failure)
Event: 18.747 Executing VM operation: ParallelGCFailedAllocation (Allocation Failure) done
Event: 18.763 Executing VM operation: ParallelGCFailedAllocation (Allocation Failure)
Event: 18.765 Executing VM operation: ParallelGCFailedAllocation (Allocation Failure) done
Event: 18.779 Executing VM operation: ParallelGCFailedAllocation (Allocation Failure)
Event: 18.779 Executing VM operation: ParallelGCFailedAllocation (Allocation Failure) done

Memory protections (0 events):
No events

Nmethod flushes (20 events):
Event: 10.100 Thread 0x000001e42766fd10 flushing  nmethod 0x000001e414689210
Event: 10.100 Thread 0x000001e42766fd10 flushing  nmethod 0x000001e414689b90
Event: 10.100 Thread 0x000001e42766fd10 flushing  nmethod 0x000001e41468d090
Event: 10.100 Thread 0x000001e42766fd10 flushing  nmethod 0x000001e41468de90
Event: 10.100 Thread 0x000001e42766fd10 flushing  nmethod 0x000001e414695790
Event: 10.100 Thread 0x000001e42766fd10 flushing  nmethod 0x000001e414695b10
Event: 10.100 Thread 0x000001e42766fd10 flushing  nmethod 0x000001e414696110
Event: 10.100 Thread 0x000001e42766fd10 flushing  nmethod 0x000001e41469cb10
Event: 10.100 Thread 0x000001e42766fd10 flushing  nmethod 0x000001e4146c1810
Event: 10.100 Thread 0x000001e42766fd10 flushing  nmethod 0x000001e4146cfd90
Event: 10.100 Thread 0x000001e42766fd10 flushing  nmethod 0x000001e4146e1710
Event: 10.100 Thread 0x000001e42766fd10 flushing  nmethod 0x000001e4146e1d10
Event: 10.100 Thread 0x000001e42766fd10 flushing  nmethod 0x000001e4146e2590
Event: 10.100 Thread 0x000001e42766fd10 flushing  nmethod 0x000001e4146e3290
Event: 10.100 Thread 0x000001e42766fd10 flushing  nmethod 0x000001e4146e5a90
Event: 10.100 Thread 0x000001e42766fd10 flushing  nmethod 0x000001e4146f1b10
Event: 10.100 Thread 0x000001e42766fd10 flushing  nmethod 0x000001e414727490
Event: 10.100 Thread 0x000001e42766fd10 flushing  nmethod 0x000001e414733290
Event: 10.100 Thread 0x000001e42766fd10 flushing  nmethod 0x000001e414760c10
Event: 10.100 Thread 0x000001e42766fd10 flushing  nmethod 0x000001e414762790

Events (20 events):
Event: 11.008 Thread 0x000001e46a42a1a0 Thread exited: 0x000001e46a42a1a0
Event: 11.391 Thread 0x000001e46f3a6b40 Thread added: 0x000001e46a42aec0
Event: 11.391 Thread 0x000001e46f3a6b40 Thread added: 0x000001e46a429b10
Event: 11.391 Thread 0x000001e46f3a6b40 Thread added: 0x000001e46a42a1a0
Event: 11.391 Thread 0x000001e46f3a6b40 Thread added: 0x000001e46a42b550
Event: 11.391 Thread 0x000001e46f3a6b40 Thread added: 0x000001e46a4280d0
Event: 11.440 Thread 0x000001e46a4280d0 Thread exited: 0x000001e46a4280d0
Event: 11.440 Thread 0x000001e46a42aec0 Thread exited: 0x000001e46a42aec0
Event: 11.440 Thread 0x000001e46a42a1a0 Thread exited: 0x000001e46a42a1a0
Event: 11.440 Thread 0x000001e46a429b10 Thread exited: 0x000001e46a429b10
Event: 11.441 Thread 0x000001e46a42b550 Thread exited: 0x000001e46a42b550
Event: 12.523 Thread 0x000001e47185cc50 Thread added: 0x000001e46a428df0
Event: 12.524 Thread 0x000001e47185cc50 Thread added: 0x000001e46a428760
Event: 12.740 Thread 0x000001e46fd99740 Thread exited: 0x000001e46fd99740
Event: 12.753 Thread 0x000001e47185cc50 Thread added: 0x000001e46a429b10
Event: 12.757 Thread 0x000001e47185cc50 Thread added: 0x000001e46a42b550
Event: 12.765 Thread 0x000001e47185cc50 Thread added: 0x000001e46a429480
Event: 12.768 Thread 0x000001e46a429480 Thread added: 0x000001e46a42aec0
Event: 12.770 Thread 0x000001e46a42aec0 Thread added: 0x000001e46a42a1a0
Event: 14.409 Thread 0x000001e4276b09c0 Thread added: 0x000001e4728a21c0


Dynamic libraries:
0x00007ff66b030000 - 0x00007ff66b03e000 	c:\Users\prakh\.vscode\extensions\redhat.java-1.51.0-win32-x64\jre\21.0.9-win32-x86_64\bin\java.exe
0x00007ffdff7e0000 - 0x00007ffdffa47000 	C:\WINDOWS\SYSTEM32\ntdll.dll
0x00007ffdfe520000 - 0x00007ffdfe5e9000 	C:\WINDOWS\System32\KERNEL32.DLL
0x00007ffdfccb0000 - 0x00007ffdfd09f000 	C:\WINDOWS\System32\KERNELBASE.dll
0x00007ffdfd430000 - 0x00007ffdfd57b000 	C:\WINDOWS\System32\ucrtbase.dll
0x00007ffdda910000 - 0x00007ffdda928000 	c:\Users\prakh\.vscode\extensions\redhat.java-1.51.0-win32-x64\jre\21.0.9-win32-x86_64\bin\jli.dll
0x00007ffdda950000 - 0x00007ffdda96e000 	c:\Users\prakh\.vscode\extensions\redhat.java-1.51.0-win32-x64\jre\21.0.9-win32-x86_64\bin\VCRUNTIME140.dll
0x00007ffdfd9d0000 - 0x00007ffdfdb95000 	C:\WINDOWS\System32\USER32.dll
0x00007ffdfcbc0000 - 0x00007ffdfcbe7000 	C:\WINDOWS\System32\win32u.dll
0x00007ffde4c90000 - 0x00007ffde4f23000 	C:\WINDOWS\WinSxS\amd64_microsoft.windows.common-controls_6595b64144ccf1df_6.0.26100.7309_none_3e05feeae336a044\COMCTL32.dll
0x00007ffdfdbd0000 - 0x00007ffdfdbfb000 	C:\WINDOWS\System32\GDI32.dll
0x00007ffdfe5f0000 - 0x00007ffdfe699000 	C:\WINDOWS\System32\msvcrt.dll
0x00007ffdfca90000 - 0x00007ffdfcbbc000 	C:\WINDOWS\System32\gdi32full.dll
0x00007ffdfc930000 - 0x00007ffdfc9d3000 	C:\WINDOWS\System32\msvcp_win.dll
0x00007ffdff000000 - 0x00007ffdff031000 	C:\WINDOWS\System32\IMM32.DLL
0x00007ffdda940000 - 0x00007ffdda94c000 	c:\Users\prakh\.vscode\extensions\redhat.java-1.51.0-win32-x64\jre\21.0.9-win32-x86_64\bin\vcruntime140_1.dll
0x00007ffdda880000 - 0x00007ffdda90d000 	c:\Users\prakh\.vscode\extensions\redhat.java-1.51.0-win32-x64\jre\21.0.9-win32-x86_64\bin\msvcp140.dll
0x00007ffd1ec10000 - 0x00007ffd1f9b0000 	c:\Users\prakh\.vscode\extensions\redhat.java-1.51.0-win32-x64\jre\21.0.9-win32-x86_64\bin\server\jvm.dll
0x00007ffdfdf20000 - 0x00007ffdfdfd4000 	C:\WINDOWS\System32\ADVAPI32.dll
0x00007ffdfe470000 - 0x00007ffdfe516000 	C:\WINDOWS\System32\sechost.dll
0x00007ffdfd6b0000 - 0x00007ffdfd7c8000 	C:\WINDOWS\System32\RPCRT4.dll
0x00007ffdfea90000 - 0x00007ffdfeb04000 	C:\WINDOWS\System32\WS2_32.dll
0x00007ffdfc790000 - 0x00007ffdfc7ee000 	C:\WINDOWS\SYSTEM32\POWRPROF.dll
0x00007ffdbfc00000 - 0x00007ffdbfc35000 	C:\WINDOWS\SYSTEM32\WINMM.dll
0x00007ffdf7220000 - 0x00007ffdf722b000 	C:\WINDOWS\SYSTEM32\VERSION.dll
0x00007ffdfc770000 - 0x00007ffdfc784000 	C:\WINDOWS\SYSTEM32\UMPDC.dll
0x00007ffdfb6a0000 - 0x00007ffdfb6bb000 	C:\WINDOWS\SYSTEM32\kernel.appcore.dll
0x00007ffdda7e0000 - 0x00007ffdda7ea000 	c:\Users\prakh\.vscode\extensions\redhat.java-1.51.0-win32-x64\jre\21.0.9-win32-x86_64\bin\jimage.dll
0x00007ffddfa20000 - 0x00007ffddfc62000 	C:\WINDOWS\SYSTEM32\DBGHELP.DLL
0x00007ffdfeb10000 - 0x00007ffdfee96000 	C:\WINDOWS\System32\combase.dll
0x00007ffdfd7d0000 - 0x00007ffdfd8a6000 	C:\WINDOWS\System32\OLEAUT32.dll
0x00007ffdc4210000 - 0x00007ffdc424c000 	C:\WINDOWS\SYSTEM32\dbgcore.DLL
0x00007ffdfc9e0000 - 0x00007ffdfca85000 	C:\WINDOWS\System32\bcryptPrimitives.dll
0x00007ffdf36b0000 - 0x00007ffdf36bf000 	c:\Users\prakh\.vscode\extensions\redhat.java-1.51.0-win32-x64\jre\21.0.9-win32-x86_64\bin\instrument.dll
0x00007ffdda7b0000 - 0x00007ffdda7d0000 	c:\Users\prakh\.vscode\extensions\redhat.java-1.51.0-win32-x64\jre\21.0.9-win32-x86_64\bin\java.dll
0x00007ffdff040000 - 0x00007ffdff793000 	C:\WINDOWS\System32\SHELL32.dll
0x00007ffdfd0b0000 - 0x00007ffdfd21a000 	C:\WINDOWS\System32\wintypes.dll
0x00007ffdfa510000 - 0x00007ffdfad6e000 	C:\WINDOWS\SYSTEM32\windows.storage.dll
0x00007ffdfe880000 - 0x00007ffdfe975000 	C:\WINDOWS\System32\SHCORE.dll
0x00007ffdfd590000 - 0x00007ffdfd5f6000 	C:\WINDOWS\System32\shlwapi.dll
0x00007ffdfc850000 - 0x00007ffdfc879000 	C:\WINDOWS\SYSTEM32\profapi.dll
0x00007ffdda710000 - 0x00007ffdda728000 	c:\Users\prakh\.vscode\extensions\redhat.java-1.51.0-win32-x64\jre\21.0.9-win32-x86_64\bin\zip.dll
0x00007ffdda7a0000 - 0x00007ffdda7b0000 	C:\Users\prakh\.vscode\extensions\redhat.java-1.51.0-win32-x64\jre\21.0.9-win32-x86_64\bin\net.dll
0x00007ffdf4da0000 - 0x00007ffdf4ec8000 	C:\WINDOWS\SYSTEM32\WINHTTP.dll
0x00007ffdfbbf0000 - 0x00007ffdfbc5b000 	C:\WINDOWS\system32\mswsock.dll
0x00007ffdda6f0000 - 0x00007ffdda706000 	C:\Users\prakh\.vscode\extensions\redhat.java-1.51.0-win32-x64\jre\21.0.9-win32-x86_64\bin\nio.dll
0x00007ffdf36a0000 - 0x00007ffdf36b0000 	c:\Users\prakh\.vscode\extensions\redhat.java-1.51.0-win32-x64\jre\21.0.9-win32-x86_64\bin\verify.dll
0x00007ffdf3380000 - 0x00007ffdf33c4000 	C:\Users\prakh\AppData\Roaming\Code\User\globalStorage\redhat.java\1.51.0\config_win\org.eclipse.equinox.launcher\org.eclipse.equinox.launcher.win32.win32.x86_64_1.2.1400.v20250801-0854\eclipse_11916.dll
0x00007ffdfdd80000 - 0x00007ffdfdf17000 	C:\WINDOWS\System32\ole32.dll
0x00007ffdfbfe0000 - 0x00007ffdfbffb000 	C:\WINDOWS\SYSTEM32\CRYPTSP.dll
0x00007ffdfb600000 - 0x00007ffdfb63a000 	C:\WINDOWS\system32\rsaenh.dll
0x00007ffdfbca0000 - 0x00007ffdfbccb000 	C:\WINDOWS\SYSTEM32\USERENV.dll
0x00007ffdfc820000 - 0x00007ffdfc84a000 	C:\WINDOWS\SYSTEM32\bcrypt.dll
0x00007ffdfbe40000 - 0x00007ffdfbe4c000 	C:\WINDOWS\SYSTEM32\CRYPTBASE.dll
0x00007ffdfb090000 - 0x00007ffdfb0c4000 	C:\WINDOWS\SYSTEM32\IPHLPAPI.DLL
0x00007ffdfe980000 - 0x00007ffdfe98a000 	C:\WINDOWS\System32\NSI.dll
0x00007ffdda640000 - 0x00007ffdda689000 	C:\Users\prakh\AppData\Local\Temp\jna-106927164\jna14850404112570301458.dll
0x00007ffdfd580000 - 0x00007ffdfd588000 	C:\WINDOWS\System32\PSAPI.DLL
0x00007ffdf60c0000 - 0x00007ffdf60de000 	C:\WINDOWS\SYSTEM32\dhcpcsvc6.DLL
0x00007ffdf4b50000 - 0x00007ffdf4b73000 	C:\WINDOWS\SYSTEM32\dhcpcsvc.DLL
0x00007ffdfb7c0000 - 0x00007ffdfb7f6000 	C:\WINDOWS\SYSTEM32\ntmarta.dll

JVMTI agents:
c:\Users\prakh\.vscode\extensions\redhat.java-1.51.0-win32-x64\lombok\lombok-1.18.39-4050.jar path:c:\Users\prakh\.vscode\extensions\redhat.java-1.51.0-win32-x64\jre\21.0.9-win32-x86_64\bin\instrument.dll, loaded, initialized, instrumentlib options:none

dbghelp: loaded successfully - version: 4.0.5 - missing functions: none
symbol engine: initialized successfully - sym options: 0x614 - pdb path: .;c:\Users\prakh\.vscode\extensions\redhat.java-1.51.0-win32-x64\jre\21.0.9-win32-x86_64\bin;C:\WINDOWS\SYSTEM32;C:\WINDOWS\WinSxS\amd64_microsoft.windows.common-controls_6595b64144ccf1df_6.0.26100.7309_none_3e05feeae336a044;c:\Users\prakh\.vscode\extensions\redhat.java-1.51.0-win32-x64\jre\21.0.9-win32-x86_64\bin\server;C:\Users\prakh\AppData\Roaming\Code\User\globalStorage\redhat.java\1.51.0\config_win\org.eclipse.equinox.launcher\org.eclipse.equinox.launcher.win32.win32.x86_64_1.2.1400.v20250801-0854;C:\Users\prakh\AppData\Local\Temp\jna-106927164

VM Arguments:
jvm_args: --add-modules=ALL-SYSTEM --add-opens=java.base/java.util=ALL-UNNAMED --add-opens=java.base/java.lang=ALL-UNNAMED --add-opens=java.base/sun.nio.fs=ALL-UNNAMED -Declipse.application=org.eclipse.jdt.ls.core.id1 -Dosgi.bundles.defaultStartLevel=4 -Declipse.product=org.eclipse.jdt.ls.core.product -Djava.import.generatesMetadataFilesAtProjectRoot=false -DDetectVMInstallationsJob.disabled=true -Dfile.encoding=utf8 -XX:+UseParallelGC -XX:GCTimeRatio=4 -XX:AdaptiveSizePolicyWeight=90 -Dsun.zip.disableMemoryMapping=true -Xmx2G -Xms100m -Xlog:disable -javaagent:c:\Users\prakh\.vscode\extensions\redhat.java-1.51.0-win32-x64\lombok\lombok-1.18.39-4050.jar -XX:+HeapDumpOnOutOfMemoryError -XX:HeapDumpPath=c:\Users\prakh\AppData\Roaming\Code\User\workspaceStorage\b3f9aee5e71703e3103f9e1fbb08258b\redhat.java -Daether.dependencyCollector.impl=bf 
java_command: c:\Users\prakh\.vscode\extensions\redhat.java-1.51.0-win32-x64\server\plugins\org.eclipse.equinox.launcher_1.7.100.v20251111-0406.jar -configuration c:\Users\prakh\AppData\Roaming\Code\User\globalStorage\redhat.java\1.51.0\config_win -data c:\Users\prakh\AppData\Roaming\Code\User\workspaceStorage\b3f9aee5e71703e3103f9e1fbb08258b\redhat.java\jdt_ws --pipe=\\.\pipe\lsp-a628c252835f4f3cd672944a198be493-sock
java_class_path (initial): c:\Users\prakh\.vscode\extensions\redhat.java-1.51.0-win32-x64\server\plugins\org.eclipse.equinox.launcher_1.7.100.v20251111-0406.jar
Launcher Type: SUN_STANDARD

[Global flags]
    uintx AdaptiveSizePolicyWeight                 = 90                                        {product} {command line}
     intx CICompilerCount                          = 4                                         {product} {ergonomic}
    uintx GCTimeRatio                              = 4                                         {product} {command line}
     bool HeapDumpOnOutOfMemoryError               = true                                   {manageable} {command line}
    ccstr HeapDumpPath                             = c:\Users\prakh\AppData\Roaming\Code\User\workspaceStorage\b3f9aee5e71703e3103f9e1fbb08258b\redhat.java         {manageable} {command line}
   size_t InitialHeapSize                          = 104857600                                 {product} {command line}
   size_t MaxHeapSize                              = 2147483648                                {product} {command line}
   size_t MaxNewSize                               = 715653120                                 {product} {ergonomic}
   size_t MinHeapDeltaBytes                        = 524288                                    {product} {ergonomic}
   size_t MinHeapSize                              = 104857600                                 {product} {command line}
   size_t NewSize                                  = 34603008                                  {product} {ergonomic}
    uintx NonNMethodCodeHeapSize                   = 5839372                                {pd product} {ergonomic}
    uintx NonProfiledCodeHeapSize                  = 122909434                              {pd product} {ergonomic}
   size_t OldSize                                  = 70254592                                  {product} {ergonomic}
    uintx ProfiledCodeHeapSize                     = 122909434                              {pd product} {ergonomic}
    uintx ReservedCodeCacheSize                    = 251658240                              {pd product} {ergonomic}
     bool SegmentedCodeCache                       = true                                      {product} {ergonomic}
   size_t SoftMaxHeapSize                          = 2147483648                             {manageable} {ergonomic}
     bool UseCompressedOops                        = true                           {product lp64_product} {ergonomic}
     bool UseLargePagesIndividualAllocation        = false                                  {pd product} {ergonomic}
     bool UseParallelGC                            = true                                      {product} {command line}

Logging:
Log output configuration:
 #0: stdout all=off uptime,level,tags foldmultilines=false
 #1: stderr all=off uptime,level,tags foldmultilines=false

Release file:
JAVA_VERSION="21.0.9" 
MODULES="java.base java.compiler java.datatransfer java.xml java.prefs java.desktop java.instrument java.logging java.management java.security.sasl java.naming java.rmi java.management.rmi java.net.http java.scripting java.security.jgss java.transaction.xa java.sql java.sql.rowset java.xml.crypto java.se java.smartcardio jdk.accessibility jdk.internal.jvmstat jdk.attach jdk.charsets jdk.internal.opt jdk.zipfs jdk.compiler jdk.crypto.ec jdk.crypto.cryptoki jdk.crypto.mscapi jdk.dynalink jdk.internal.ed jdk.editpad jdk.hotspot.agent jdk.httpserver jdk.internal.le jdk.internal.vm.ci jdk.internal.vm.compiler jdk.internal.vm.compiler.management jdk.jartool jdk.javadoc jdk.jcmd jdk.management jdk.management.agent jdk.jconsole jdk.jdeps jdk.jdwp.agent jdk.jdi jdk.jfr jdk.jshell jdk.jsobject jdk.jstatd jdk.localedata jdk.management.jfr jdk.naming.dns jdk.naming.rmi jdk.net jdk.nio.mapmode jdk.random jdk.sctp jdk.security.auth jdk.security.jgss jdk.unsupported jdk.unsupported.desktop jdk.xml.dom" 

Environment Variables:
PATH=C:\Program Files\Common Files\Oracle\Java\javapath;C:\Program Files\Microsoft SDKs\Azure\CLI2\wbin;C:\Python314\Scripts\;C:\Python314\;C:\WINDOWS\system32;C:\WINDOWS;C:\WINDOWS\System32\Wbem;C:\WINDOWS\System32\WindowsPowerShell\v1.0\;C:\WINDOWS\System32\OpenSSH\;C:\Program Files\nodejs\;C:\ProgramData\chocolatey\bin;C:\Program Files\Microsoft SQL Server\170\Tools\Binn\;C:\Program Files\Microsoft SQL Server\Client SDK\ODBC\170\Tools\Binn\;C:\Program Files\dotnet\;C:\Program Files\Git\cmd;C:\Program Files (x86)\Microsoft SQL Server\170\Tools\Binn\;C:\Program Files\Microsoft SQL Server\Client SDK\ODBC\180\Tools\Binn\;C:\Program Files\Microsoft SQL Server\170\DTS\Binn\;C:\Program Files\Docker\Docker\resources\bin;C:\ProgramData\chocolatey\lib\maven\apache-maven-3.9.12\bin;C:\Users\prakh\AppData\Local\Microsoft\WindowsApps;C:\Users\prakh\AppData\Roaming\npm;C:\Users\prakh\AppData\Local\Programs\Microsoft VS Code\bin;C:\Users\prakh\.dotnet\tools;C:\Program Files\nodejs\npm;C:\Program Files\nodejs\npx;C:\Program Files\Java\jdk-25\bin\javac;C:\Program Files\Java\jdk-25\bin\java;
USERNAME=prakh
OS=Windows_NT
PROCESSOR_IDENTIFIER=Intel64 Family 6 Model 94 Stepping 3, GenuineIntel
TMP=C:\Users\prakh\AppData\Local\Temp
TEMP=C:\Users\prakh\AppData\Local\Temp




Periodic native trim disabled

---------------  S Y S T E M  ---------------

OS:
 Windows 11 , 64 bit Build 26100 (10.0.26100.7623)
OS uptime: 1 days 6:31 hours
Hyper-V role detected

CPU: total 8 (initial active 8) (4 cores per cpu, 2 threads per core) family 6 model 94 stepping 3 microcode 0xf0, cx8, cmov, fxsr, ht, mmx, 3dnowpref, sse, sse2, sse3, ssse3, sse4.1, sse4.2, popcnt, lzcnt, tsc, tscinvbit, avx, avx2, aes, erms, clmul, bmi1, bmi2, rtm, adx, fma, vzeroupper, clflush, clflushopt, hv, rdtscp, f16c
Processor Information for the first 8 processors :
  Max Mhz: 3408, Current Mhz: 3408, Mhz Limit: 3408

Memory: 4k page, system-wide physical 12171M (1299M free)
TotalPageFile size 42133M (AvailPageFile size 620M)
current process WorkingSet (physical memory assigned to process): 306M, peak: 306M
current process commit charge ("private bytes"): 382M, peak: 398M

vm_info: OpenJDK 64-Bit Server VM (21.0.9+10-LTS) for windows-amd64 JRE (21.0.9+10-LTS), built on 2025-10-21T00:00:00Z by "admin" with unknown MS VC++:1942

END.
